<?xml version="1.0" encoding="UTF-8"?>
<!-- Generated by org.testng.reporters.JUnitXMLReporter -->
<testsuite ignored="1" hostname="MacBookPro-PunitiChauhan" failures="0" tests="1" name="Default test" time="1.953" errors="0" timestamp="2021-08-23T18:05:19 IST">
  <testcase classname="com.gitlab.api.tests.Tests" name="postAPI" time="1.927"/>
  <testcase classname="com.gitlab.api.tests.Tests" name="getAPI" time="0.0">
    <ignored/>
  </testcase> <!-- getAPI -->
</testsuite> <!-- Default test -->
