<?xml version="1.0" encoding="UTF-8"?>
<testng-results ignored="1" total="2" passed="1" failed="0" skipped="0">
  <reporter-output>
  </reporter-output>
  <suite started-at="2021-08-23T18:05:17 IST" name="Default suite" finished-at="2021-08-23T18:05:19 IST" duration-ms="1953">
    <groups>
    </groups>
    <test started-at="2021-08-23T18:05:17 IST" name="Default test" finished-at="2021-08-23T18:05:19 IST" duration-ms="1953">
      <class name="com.gitlab.api.tests.Tests">
        <test-method signature="postAPI()[pri:0, instance:com.gitlab.api.tests.Tests@22e357dc]" started-at="2021-08-23T18:05:17 IST" name="postAPI" finished-at="2021-08-23T18:05:19 IST" duration-ms="1927" status="PASS">
          <reporter-output>
          </reporter-output>
        </test-method> <!-- postAPI -->
      </class> <!-- com.gitlab.api.tests.Tests -->
    </test> <!-- Default test -->
  </suite> <!-- Default suite -->
</testng-results>
